<?xml version="1.0" encoding="UTF-8"?>
<!-- Generated by org.testng.reporters.JUnitReportReporter -->
<testsuite skipped="0" hostname="PC01" name="pe.demo.DemoTest" tests="4" failures="0" timestamp="01 sep 2018 00:39:18 GMT" time="38.559" errors="0">
  <testcase name="registrarContacto" time="9.487" classname="pe.demo.DemoTest"/>
  <testcase name="registrarContacto" time="10.544" classname="pe.demo.DemoTest"/>
  <testcase name="registrarContacto" time="8.125" classname="pe.demo.DemoTest"/>
  <testcase name="registrarContacto" time="10.403" classname="pe.demo.DemoTest"/>
</testsuite> <!-- pe.demo.DemoTest -->
