<?xml version="1.0" encoding="UTF-8"?>
<!-- Generated by org.testng.reporters.JUnitReportReporter -->
<testsuite skipped="0" hostname="PC01" name="pe.automatizacion.AutomatizacionTest" tests="1" failures="0" timestamp="07 ago 2018 23:32:08 GMT" time="7.578" errors="0">
  <testcase name="inicio" time="7.578" classname="pe.automatizacion.AutomatizacionTest"/>
</testsuite> <!-- pe.automatizacion.AutomatizacionTest -->
