<?xml version="1.0" encoding="UTF-8"?>
<!-- Generated by org.testng.reporters.JUnitReportReporter -->
<testsuite skipped="0" hostname="PC01" name="pe.automatizacion.FirstAutomatizacionTest" tests="1" failures="0" timestamp="09 jul 2018 20:47:20 GMT" time="9.329" errors="0">
  <testcase name="inicio" time="9.329" classname="pe.automatizacion.FirstAutomatizacionTest"/>
</testsuite> <!-- pe.automatizacion.FirstAutomatizacionTest -->
